<?xml version="1.0" encoding="UTF-8"?>
<!-- Generated by org.testng.reporters.JUnitReportReporter -->
<testsuite hostname="DESKTOP-NV7T9HR" failures="0" tests="1" name="pagefactory.testcase" time="6.827" errors="0" timestamp="2024-09-23T15:37:29 IST" skipped="0">
  <testcase classname="pagefactory.testcase" name="Testlogin" time="6.827"/>
  <system-out/>
</testsuite> <!-- pagefactory.testcase -->
