<?xml version="1.0" encoding="UTF-8"?>
<!-- Generated by org.testng.reporters.JUnitReportReporter -->
<testsuite hostname="DESKTOP-NV7T9HR" failures="0" tests="9" name="parallel.paralleltest" time="41.139" errors="0" timestamp="2024-09-17T19:00:41 IST" skipped="0">
  <testcase classname="parallel.paralleltest" name="logo" time="0.083"/>
  <system-out/>
  <testcase classname="parallel.paralleltest" name="logo" time="0.255"/>
  <system-out/>
  <testcase classname="parallel.paralleltest" name="logo" time="0.062"/>
  <system-out/>
  <testcase classname="parallel.paralleltest" name="testurl" time="0.010"/>
  <system-out/>
  <testcase classname="parallel.paralleltest" name="testurl" time="0.008"/>
  <system-out/>
  <testcase classname="parallel.paralleltest" name="testurl" time="0.002"/>
  <system-out/>
  <testcase classname="parallel.paralleltest" name="login" time="11.574"/>
  <system-out/>
  <testcase classname="parallel.paralleltest" name="login" time="14.666"/>
  <system-out/>
  <testcase classname="parallel.paralleltest" name="login" time="14.479"/>
  <system-out/>
</testsuite> <!-- parallel.paralleltest -->
