<?xml version="1.0" encoding="UTF-8"?>
<!-- Generated by org.testng.reporters.JUnitReportReporter -->
<testsuite hostname="DESKTOP-NV7T9HR" failures="0" tests="1" name="testng.newtestngTest" time="0.011" errors="0" timestamp="2024-09-12T16:01:20 IST" skipped="0">
  <testcase classname="testng.newtestngTest" name="f" time="0.011"/>
  <system-out/>
</testsuite> <!-- testng.newtestngTest -->
