<?xml version="1.0" encoding="UTF-8"?>
<!-- Generated by org.testng.reporters.JUnitReportReporter -->
<testsuite hostname="DESKTOP-NV7T9HR" failures="0" tests="4" name="listerner.testlistener$newtestng" time="11.811" errors="0" timestamp="2024-09-19T13:56:36 IST" skipped="0">
  <testcase classname="listerner.testlistener$newtestng" name="logo" time="0.079"/>
  <system-out/>
  <testcase classname="listerner.testlistener$newtestng" name="sigin" time="6.804"/>
  <system-out/>
  <testcase classname="listerner.testlistener$newtestng" name="accountverification" time="4.603"/>
  <system-out/>
  <testcase classname="listerner.testlistener$newtestng" name="smoke_testing" time="0.325"/>
  <system-out/>
</testsuite> <!-- listerner.testlistener$newtestng -->
