<?xml version="1.0" encoding="UTF-8"?>
<!-- Generated by org.testng.reporters.JUnitReportReporter -->
<testsuite hostname="DESKTOP-NV7T9HR" failures="0" tests="1" name="grouping.sign" time="0.001" errors="0" timestamp="2024-09-24T17:57:18 IST" skipped="0">
  <testcase classname="grouping.sign" name="clicklogin" time="0.001"/>
  <system-out/>
</testsuite> <!-- grouping.sign -->
