<?xml version="1.0" encoding="UTF-8"?>
<!-- Generated by org.testng.reporters.JUnitReportReporter -->
<testsuite hostname="DESKTOP-NV7T9HR" failures="0" tests="6" name="testng.test" time="27.660" errors="0" timestamp="2024-09-11T15:31:10 IST" skipped="0">
  <testcase classname="testng.test" name="url" time="10.161"/>
  <system-out/>
  <testcase classname="testng.test" name="logo" time="0.027"/>
  <system-out/>
  <testcase classname="testng.test" name="clickSign" time="9.086"/>
  <system-out/>
  <testcase classname="testng.test" name="smoke_testing" time="5.229"/>
  <system-out/>
  <testcase classname="testng.test" name="menu" time="3.041"/>
  <system-out/>
  <testcase classname="testng.test" name="closeapp" time="0.116"/>
  <system-out/>
</testsuite> <!-- testng.test -->
