<?xml version="1.0" encoding="UTF-8"?>
<!-- Generated by org.testng.reporters.JUnitReportReporter -->
<testsuite hostname="DESKTOP-NV7T9HR" failures="0" tests="2" name="grouping.loginsign" time="0.009" errors="0" timestamp="2024-09-24T17:57:51 IST" skipped="0">
  <testcase classname="grouping.loginsign" name="true1" time="0.008"/>
  <system-out/>
  <testcase classname="grouping.loginsign" name="welocme" time="0.001"/>
  <system-out/>
</testsuite> <!-- grouping.loginsign -->
