<?xml version="1.0" encoding="UTF-8"?>
<!-- Generated by org.testng.reporters.JUnitReportReporter -->
<testsuite hostname="DESKTOP-NV7T9HR" failures="0" tests="2" name="before_after.beforemethods" time="0.011" errors="0" timestamp="2024-09-11T15:38:05 IST" skipped="0">
  <testcase classname="before_after.beforemethods" name="verify" time="0.009"/>
  <system-out/>
  <testcase classname="before_after.beforemethods" name="dashboard" time="0.002"/>
  <system-out/>
</testsuite> <!-- before_after.beforemethods -->
