<?xml version="1.0" encoding="UTF-8"?>
<!-- Generated by org.testng.reporters.JUnitReportReporter -->
<testsuite hostname="DESKTOP-NV7T9HR" failures="0" tests="2" name="before_after.group" time="0.011" errors="0" timestamp="2024-09-11T15:36:28 IST" skipped="0">
  <testcase classname="before_after.group" name="verify" time="0.010"/>
  <system-out/>
  <testcase classname="before_after.group" name="dashboard" time="0.001"/>
  <system-out/>
</testsuite> <!-- before_after.group -->
